<?xml version="1.0" encoding="UTF-8"?>
<!-- Generated by org.testng.reporters.JUnitReportReporter -->
<testsuite hostname="LAPTOP-0NBL84CE" failures="0" tests="1" name="PetStoreAPIAutomation.PetStoreAPIAutomation.GetAvailablePetsTest" time="3.177" errors="0" timestamp="2022-05-29T21:35:44 EET" skipped="0">
  <testcase classname="PetStoreAPIAutomation.PetStoreAPIAutomation.GetAvailablePetsTest" name="GetAvailablePets" time="3.177"/>
  <system-out/>
</testsuite> <!-- PetStoreAPIAutomation.PetStoreAPIAutomation.GetAvailablePetsTest -->
