<?xml version="1.0" encoding="UTF-8"?>
<!-- Generated by org.testng.reporters.JUnitReportReporter -->
<testsuite hostname="LAPTOP-0NBL84CE" failures="0" tests="4" name="PetStoreAPIAutomation.PetStoreAPIAutomation.PetsStoreTests" time="6.406" errors="0" timestamp="2022-05-30T22:21:50 EET" skipped="0">
  <testcase classname="PetStoreAPIAutomation.PetStoreAPIAutomation.PetsStoreTests" name="GetAvailablePets" time="3.800"/>
  <system-out/>
  <testcase classname="PetStoreAPIAutomation.PetStoreAPIAutomation.PetsStoreTests" name="PostNewPets" time="0.962"/>
  <system-out/>
  <testcase classname="PetStoreAPIAutomation.PetStoreAPIAutomation.PetsStoreTests" name="PutNewPets" time="0.797"/>
  <system-out/>
  <testcase classname="PetStoreAPIAutomation.PetStoreAPIAutomation.PetsStoreTests" name="DeleteNewPets" time="0.847"/>
  <system-out/>
</testsuite> <!-- PetStoreAPIAutomation.PetStoreAPIAutomation.PetsStoreTests -->
